<?xml version="1.0" encoding="UTF-8"?>
<testng-results ignored="0" total="2" passed="2" failed="0" skipped="0">
  <reporter-output>
  </reporter-output>
  <suite started-at="2022-03-21T18:09:06 IST" name="Default suite" finished-at="2022-03-21T18:09:25 IST" duration-ms="19307">
    <groups>
    </groups>
    <test started-at="2022-03-21T18:09:06 IST" name="Default test" finished-at="2022-03-21T18:09:25 IST" duration-ms="19307">
      <class name="test.Login_TestCase">
        <test-method is-config="true" signature="DataSetup()[pri:0, instance:test.Login_TestCase@614ca7df]" started-at="2022-03-21T18:09:06 IST" name="DataSetup" finished-at="2022-03-21T18:09:07 IST" duration-ms="1455" status="PASS">
          <reporter-output>
          </reporter-output>
        </test-method> <!-- DataSetup -->
        <test-method is-config="true" signature="Launch_browser(java.lang.reflect.Method)[pri:0, instance:test.Login_TestCase@614ca7df]" started-at="2022-03-21T18:09:07 IST" name="Launch_browser" finished-at="2022-03-21T18:09:13 IST" duration-ms="6326" status="PASS">
          <params>
            <param index="0">
              <value>
                <![CDATA[public void test.Login_TestCase.Login_Pass()]]>
              </value>
            </param>
          </params>
          <reporter-output>
          </reporter-output>
        </test-method> <!-- Launch_browser -->
        <test-method signature="Login_Pass()[pri:0, instance:test.Login_TestCase@614ca7df]" started-at="2022-03-21T18:09:13 IST" name="Login_Pass" finished-at="2022-03-21T18:09:14 IST" duration-ms="866" status="PASS">
          <reporter-output>
          </reporter-output>
        </test-method> <!-- Login_Pass -->
        <test-method is-config="true" signature="TearDown()[pri:0, instance:test.Login_TestCase@614ca7df]" started-at="2022-03-21T18:09:14 IST" name="TearDown" finished-at="2022-03-21T18:09:15 IST" duration-ms="281" status="PASS">
          <reporter-output>
          </reporter-output>
        </test-method> <!-- TearDown -->
        <test-method is-config="true" signature="Launch_browser(java.lang.reflect.Method)[pri:0, instance:test.Login_TestCase@614ca7df]" started-at="2022-03-21T18:09:15 IST" name="Launch_browser" finished-at="2022-03-21T18:09:23 IST" duration-ms="8718" status="PASS">
          <params>
            <param index="0">
              <value>
                <![CDATA[public void test.Login_TestCase.Login_failure()]]>
              </value>
            </param>
          </params>
          <reporter-output>
          </reporter-output>
        </test-method> <!-- Launch_browser -->
        <test-method signature="Login_failure()[pri:0, instance:test.Login_TestCase@614ca7df]" started-at="2022-03-21T18:09:23 IST" name="Login_failure" finished-at="2022-03-21T18:09:24 IST" duration-ms="482" status="PASS">
          <reporter-output>
          </reporter-output>
        </test-method> <!-- Login_failure -->
        <test-method is-config="true" signature="TearDown()[pri:0, instance:test.Login_TestCase@614ca7df]" started-at="2022-03-21T18:09:24 IST" name="TearDown" finished-at="2022-03-21T18:09:25 IST" duration-ms="707" status="PASS">
          <reporter-output>
          </reporter-output>
        </test-method> <!-- TearDown -->
        <test-method is-config="true" signature="Stop_Process()[pri:0, instance:test.Login_TestCase@614ca7df]" started-at="2022-03-21T18:09:25 IST" name="Stop_Process" finished-at="2022-03-21T18:09:25 IST" duration-ms="420" status="PASS">
          <reporter-output>
          </reporter-output>
        </test-method> <!-- Stop_Process -->
      </class> <!-- test.Login_TestCase -->
    </test> <!-- Default test -->
  </suite> <!-- Default suite -->
</testng-results>
